C:\USERS\PATATOR\DOCUMENTS\VISUAL STUDIO 2010\PROJECTS\RAYTRACER\DEBUG\RAYTRACING.EXE
C:\USERS\PATATOR\DOCUMENTS\VISUAL STUDIO 2010\PROJECTS\RAYTRACER\DEBUG\RAYTRACING.ILK
C:\USERS\PATATOR\DOCUMENTS\VISUAL STUDIO 2010\PROJECTS\RAYTRACER\DEBUG\RAYTRACING.PDB
C:\USERS\PATATOR\DOCUMENTS\VISUAL STUDIO 2010\PROJECTS\RAYTRACER\RAYTRACING\DEBUG\CAMERA.OBJ
C:\Users\Patator\documents\visual studio 2010\Projects\RayTracer\RayTracing\Debug\cl.command.1.tlog
C:\Users\Patator\documents\visual studio 2010\Projects\RayTracer\RayTracing\Debug\CL.read.1.tlog
C:\Users\Patator\documents\visual studio 2010\Projects\RayTracer\RayTracing\Debug\CL.write.1.tlog
C:\USERS\PATATOR\DOCUMENTS\VISUAL STUDIO 2010\PROJECTS\RAYTRACER\RAYTRACING\DEBUG\INFINITEPLAN.OBJ
C:\USERS\PATATOR\DOCUMENTS\VISUAL STUDIO 2010\PROJECTS\RAYTRACER\RAYTRACING\DEBUG\LIGHT.OBJ
C:\Users\Patator\documents\visual studio 2010\Projects\RayTracer\RayTracing\Debug\link.5204.read.1.tlog
C:\Users\Patator\documents\visual studio 2010\Projects\RayTracer\RayTracing\Debug\link.5204.write.1.tlog
C:\Users\Patator\documents\visual studio 2010\Projects\RayTracer\RayTracing\Debug\link.5204-cvtres.read.1.tlog
C:\Users\Patator\documents\visual studio 2010\Projects\RayTracer\RayTracing\Debug\link.5204-cvtres.write.1.tlog
C:\Users\Patator\documents\visual studio 2010\Projects\RayTracer\RayTracing\Debug\link.6308.read.1.tlog
C:\Users\Patator\documents\visual studio 2010\Projects\RayTracer\RayTracing\Debug\link.6308.write.1.tlog
C:\Users\Patator\documents\visual studio 2010\Projects\RayTracer\RayTracing\Debug\link.6308-cvtres.read.1.tlog
C:\Users\Patator\documents\visual studio 2010\Projects\RayTracer\RayTracing\Debug\link.6308-cvtres.write.1.tlog
C:\Users\Patator\documents\visual studio 2010\Projects\RayTracer\RayTracing\Debug\link.command.1.tlog
C:\Users\Patator\documents\visual studio 2010\Projects\RayTracer\RayTracing\Debug\link.read.1.tlog
C:\Users\Patator\documents\visual studio 2010\Projects\RayTracer\RayTracing\Debug\link.write.1.tlog
C:\Users\Patator\documents\visual studio 2010\Projects\RayTracer\RayTracing\Debug\link-cvtres.read.1.tlog
C:\Users\Patator\documents\visual studio 2010\Projects\RayTracer\RayTracing\Debug\link-cvtres.write.1.tlog
C:\Users\Patator\documents\visual studio 2010\Projects\RayTracer\RayTracing\Debug\mt.command.1.tlog
C:\Users\Patator\documents\visual studio 2010\Projects\RayTracer\RayTracing\Debug\mt.read.1.tlog
C:\Users\Patator\documents\visual studio 2010\Projects\RayTracer\RayTracing\Debug\mt.write.1.tlog
C:\USERS\PATATOR\DOCUMENTS\VISUAL STUDIO 2010\PROJECTS\RAYTRACER\RAYTRACING\DEBUG\RAY.OBJ
C:\USERS\PATATOR\DOCUMENTS\VISUAL STUDIO 2010\PROJECTS\RAYTRACER\RAYTRACING\DEBUG\RAYTRACER.OBJ
C:\USERS\PATATOR\DOCUMENTS\VISUAL STUDIO 2010\PROJECTS\RAYTRACER\RAYTRACING\DEBUG\RAYTRACING.EXE.EMBED.MANIFEST
C:\USERS\PATATOR\DOCUMENTS\VISUAL STUDIO 2010\PROJECTS\RAYTRACER\RAYTRACING\DEBUG\RAYTRACING.EXE.EMBED.MANIFEST.RES
C:\USERS\PATATOR\DOCUMENTS\VISUAL STUDIO 2010\PROJECTS\RAYTRACER\RAYTRACING\DEBUG\RAYTRACING.EXE.INTERMEDIATE.MANIFEST
C:\USERS\PATATOR\DOCUMENTS\VISUAL STUDIO 2010\PROJECTS\RAYTRACER\RAYTRACING\DEBUG\RAYTRACING.OBJ
C:\USERS\PATATOR\DOCUMENTS\VISUAL STUDIO 2010\PROJECTS\RAYTRACER\RAYTRACING\DEBUG\RAYTRACING.PCH
C:\Users\Patator\documents\visual studio 2010\Projects\RayTracer\RayTracing\Debug\RayTracing_manifest.rc
C:\Users\Patator\documents\visual studio 2010\Projects\RayTracer\RayTracing\Debug\rc.command.1.tlog
C:\Users\Patator\documents\visual studio 2010\Projects\RayTracer\RayTracing\Debug\rc.read.1.tlog
C:\Users\Patator\documents\visual studio 2010\Projects\RayTracer\RayTracing\Debug\rc.write.1.tlog
C:\USERS\PATATOR\DOCUMENTS\VISUAL STUDIO 2010\PROJECTS\RAYTRACER\RAYTRACING\DEBUG\SIMPLESCENE.OBJ
C:\USERS\PATATOR\DOCUMENTS\VISUAL STUDIO 2010\PROJECTS\RAYTRACER\RAYTRACING\DEBUG\SPHERE.OBJ
C:\USERS\PATATOR\DOCUMENTS\VISUAL STUDIO 2010\PROJECTS\RAYTRACER\RAYTRACING\DEBUG\STDAFX.OBJ
C:\Users\Patator\documents\visual studio 2010\Projects\RayTracer\RayTracing\Debug\vc100.idb
C:\USERS\PATATOR\DOCUMENTS\VISUAL STUDIO 2010\PROJECTS\RAYTRACER\RAYTRACING\DEBUG\VC100.PDB
