C:\USERS\PATATOR\DOCUMENTS\VISUAL STUDIO 2010\PROJECTS\RAYTRACER\RAYTRACING\RELEASE\CAMERA.OBJ
C:\Users\Patator\documents\visual studio 2010\Projects\RayTracer\RayTracing\Release\cl.command.1.tlog
C:\Users\Patator\documents\visual studio 2010\Projects\RayTracer\RayTracing\Release\CL.read.1.tlog
C:\Users\Patator\documents\visual studio 2010\Projects\RayTracer\RayTracing\Release\CL.write.1.tlog
C:\USERS\PATATOR\DOCUMENTS\VISUAL STUDIO 2010\PROJECTS\RAYTRACER\RAYTRACING\RELEASE\INFINITEPLAN.OBJ
C:\USERS\PATATOR\DOCUMENTS\VISUAL STUDIO 2010\PROJECTS\RAYTRACER\RAYTRACING\RELEASE\LIGHT.OBJ
C:\Users\Patator\documents\visual studio 2010\Projects\RayTracer\RayTracing\Release\link.command.1.tlog
C:\Users\Patator\documents\visual studio 2010\Projects\RayTracer\RayTracing\Release\link.read.1.tlog
C:\Users\Patator\documents\visual studio 2010\Projects\RayTracer\RayTracing\Release\link.write.1.tlog
C:\USERS\PATATOR\DOCUMENTS\VISUAL STUDIO 2010\PROJECTS\RAYTRACER\RAYTRACING\RELEASE\MATERIAL.OBJ
C:\Users\Patator\documents\visual studio 2010\Projects\RayTracer\RayTracing\Release\mt.command.1.tlog
C:\Users\Patator\documents\visual studio 2010\Projects\RayTracer\RayTracing\Release\mt.read.1.tlog
C:\Users\Patator\documents\visual studio 2010\Projects\RayTracer\RayTracing\Release\mt.write.1.tlog
C:\USERS\PATATOR\DOCUMENTS\VISUAL STUDIO 2010\PROJECTS\RAYTRACER\RAYTRACING\RELEASE\RAY.OBJ
C:\USERS\PATATOR\DOCUMENTS\VISUAL STUDIO 2010\PROJECTS\RAYTRACER\RAYTRACING\RELEASE\RAYTRACER.OBJ
C:\USERS\PATATOR\DOCUMENTS\VISUAL STUDIO 2010\PROJECTS\RAYTRACER\RAYTRACING\RELEASE\RAYTRACING.EXE.INTERMEDIATE.MANIFEST
C:\USERS\PATATOR\DOCUMENTS\VISUAL STUDIO 2010\PROJECTS\RAYTRACER\RAYTRACING\RELEASE\RAYTRACING.OBJ
C:\USERS\PATATOR\DOCUMENTS\VISUAL STUDIO 2010\PROJECTS\RAYTRACER\RAYTRACING\RELEASE\RAYTRACING.PCH
C:\USERS\PATATOR\DOCUMENTS\VISUAL STUDIO 2010\PROJECTS\RAYTRACER\RAYTRACING\RELEASE\SIMPLESCENE.OBJ
C:\USERS\PATATOR\DOCUMENTS\VISUAL STUDIO 2010\PROJECTS\RAYTRACER\RAYTRACING\RELEASE\SPHERE.OBJ
C:\USERS\PATATOR\DOCUMENTS\VISUAL STUDIO 2010\PROJECTS\RAYTRACER\RAYTRACING\RELEASE\STDAFX.OBJ
C:\USERS\PATATOR\DOCUMENTS\VISUAL STUDIO 2010\PROJECTS\RAYTRACER\RAYTRACING\RELEASE\VC100.PDB
C:\USERS\PATATOR\DOCUMENTS\VISUAL STUDIO 2010\PROJECTS\RAYTRACER\RELEASE\RAYTRACING.EXE
C:\USERS\PATATOR\DOCUMENTS\VISUAL STUDIO 2010\PROJECTS\RAYTRACER\RELEASE\RAYTRACING.PDB
