La génération a démarré 12/10/2011 04:59:08.
     1>Projet "C:\Users\Patator\documents\visual studio 2010\Projects\RayTracer\RayTracing\RayTracing.vcxproj" sur le nœud 2 (build cible(s)).
     1>InitializeBuildStatus:
         Création de "Release\RayTracing.unsuccessfulbuild", car "AlwaysCreate" a été spécifié.
       ClCompile:
         Toutes les sorties sont à jour.
         c:\Program Files (x86)\Microsoft Visual Studio 10.0\VC\bin\CL.exe /c /I"C:\Users\Patator\Documents\Geeking\SDL-1.2.14\include" /I"C:\Users\Patator\Documents\Geeking\MTL-4.0.8591-Linux\usr\include\boost\numeric\mtl" /I"C:\Users\Patator\documents\visual studio 2010\Projects\RayTracer\\BasicALgebra" /IC:\Users\Patator\Documents\Geeking\boost_1_47_0 /Zi /nologo /W3 /WX- /O2 /Oi /Oy- /GL /D WIN32 /D NDEBUG /D _CONSOLE /D _UNICODE /D UNICODE /Gm- /EHsc /MD /GS /Gy /fp:precise /Zc:wchar_t /Zc:forScope /Yu"StdAfx.h" /Fp"Release\RayTracing.pch" /Fo"Release\\" /Fd"Release\vc100.pdb" /Gd /TP /analyze- /errorReport:prompt RayTracing.cpp
         RayTracing.cpp
       Link:
         c:\Program Files (x86)\Microsoft Visual Studio 10.0\VC\bin\link.exe /ERRORREPORT:PROMPT /OUT:"C:\Users\Patator\documents\visual studio 2010\Projects\RayTracer\Release\RayTracing.exe" /INCREMENTAL:NO /NOLOGO /LIBPATH:"C:\Users\Patator\Documents\Geeking\SDL-1.2.14\lib" /LIBPATH:"C:\Users\Patator\documents\visual studio 2010\Projects\RayTracer\Release" SDL.lib SDLmain.lib BasicAlgebra.lib kernel32.lib user32.lib gdi32.lib winspool.lib comdlg32.lib advapi32.lib shell32.lib ole32.lib oleaut32.lib uuid.lib odbc32.lib odbccp32.lib /MANIFEST /ManifestFile:"Release\RayTracing.exe.intermediate.manifest" /MANIFESTUAC:"level='asInvoker' uiAccess='false'" /DEBUG /PDB:"C:\Users\Patator\documents\visual studio 2010\Projects\RayTracer\Release\RayTracing.pdb" /SUBSYSTEM:CONSOLE /OPT:REF /OPT:ICF /LTCG /TLBID:1 /DYNAMICBASE /NXCOMPAT /IMPLIB:"C:\Users\Patator\documents\visual studio 2010\Projects\RayTracer\Release\RayTracing.lib" /MACHINE:X86 Release\camera.obj
         Release\InfinitePlan.obj
         Release\Light.obj
         Release\Material.obj
         Release\Ray.obj
         Release\RayTracer.obj
         Release\RayTracing.obj
         Release\SimpleScene.obj
         Release\Sphere.obj
         Release\stdafx.obj
         Génération de code en cours
         Fin de la génération du code
         RayTracing.vcxproj -> C:\Users\Patator\documents\visual studio 2010\Projects\RayTracer\Release\RayTracing.exe
       Manifest:
         C:\Program Files (x86)\Microsoft SDKs\Windows\v7.0A\bin\mt.exe /nologo /verbose /outputresource:"C:\Users\Patator\documents\visual studio 2010\Projects\RayTracer\Release\RayTracing.exe;#1" /manifest Release\RayTracing.exe.intermediate.manifest
       FinalizeBuildStatus:
         Suppression du fichier "Release\RayTracing.unsuccessfulbuild".
         Mise à jour de l'horodatage "Release\RayTracing.lastbuildstate".
     1>Génération du projet "C:\Users\Patator\documents\visual studio 2010\Projects\RayTracer\RayTracing\RayTracing.vcxproj" terminée (build cible(s)).

La génération a réussi.

Temps écoulé 00:00:00.77
